This is pdfTeX, Version 3.141592653-2.6-1.40.26 (TeX Live 2024/Arch Linux) (preloaded format=pdflatex 2024.11.9)  26 NOV 2024 21:49
entering extended mode
 restricted \write18 enabled.
 file:line:error style messages enabled.
 %&-line parsing enabled.
**thesis.tex
(./thesis.tex
LaTeX2e <2023-11-01> patch level 1
L3 programming layer <2024-02-20>
(./Tptesi2.cls
Document Class: Tptesi2 23/2/96 v1.0 Classe Latex per tesi --- basata su UFtesi
.cls by F. Bartolini, Dip. Ing. Elettronica - Univ. Firenze
(/usr/share/texmf-dist/tex/latex/base/book.cls
Document Class: book 2023/05/17 v1.4n Standard LaTeX document class
(/usr/share/texmf-dist/tex/latex/base/bk12.clo
File: bk12.clo 2023/05/17 v1.4n Standard LaTeX file (size option)
)
\c@part=\count188
\c@chapter=\count189
\c@section=\count190
\c@subsection=\count191
\c@subsubsection=\count192
\c@paragraph=\count193
\c@subparagraph=\count194
\c@figure=\count195
\c@table=\count196
\abovecaptionskip=\skip48
\belowcaptionskip=\skip49
\bibindent=\dimen140
)
(/usr/share/texmf-dist/tex/generic/babel/babel.sty
Package: babel 2024/02/07 v24.2 The Babel package
\babel@savecnt=\count197
\U@D=\dimen141
\l@unhyphenated=\language89

(/usr/share/texmf-dist/tex/generic/babel/txtbabel.def)
\bbl@readstream=\read2
\bbl@dirlevel=\count198

(/usr/share/texmf-dist/tex/generic/babel-italian/italian.ldf
Language: italian 2024/01/03 v.1.5.00 Italian support for the babel system
\it@lettering=\count199
\it@doublequoteactive=\count266
\it@ISOcompliance=\count267
))
(/usr/share/texmf-dist/tex/generic/babel/locale/it/babel-italian.tex
Package babel Info: Importing font and identification data for italian
(babel)             from babel-it.ini. Reported on input line 11.
)
(/usr/share/texmf-dist/tex/latex/etoolbox/etoolbox.sty
Package: etoolbox 2020/10/05 v2.5k e-TeX tools for LaTeX (JAW)
\etb@tempcnta=\count268
)
(/usr/share/texmf-dist/tex/latex/amsmath/amsmath.sty
Package: amsmath 2023/05/13 v2.17o AMS math features
\@mathmargin=\skip50

For additional information on amsmath, use the `?' option.
(/usr/share/texmf-dist/tex/latex/amsmath/amstext.sty
Package: amstext 2021/08/26 v2.01 AMS text

(/usr/share/texmf-dist/tex/latex/amsmath/amsgen.sty
File: amsgen.sty 1999/11/30 v2.0 generic functions
\@emptytoks=\toks17
\ex@=\dimen142
))
(/usr/share/texmf-dist/tex/latex/amsmath/amsbsy.sty
Package: amsbsy 1999/11/29 v1.2d Bold Symbols
\pmbraise@=\dimen143
)
(/usr/share/texmf-dist/tex/latex/amsmath/amsopn.sty
Package: amsopn 2022/04/08 v2.04 operator names
)
\inf@bad=\count269
LaTeX Info: Redefining \frac on input line 234.
\uproot@=\count270
\leftroot@=\count271
LaTeX Info: Redefining \overline on input line 399.
LaTeX Info: Redefining \colon on input line 410.
\classnum@=\count272
\DOTSCASE@=\count273
LaTeX Info: Redefining \ldots on input line 496.
LaTeX Info: Redefining \dots on input line 499.
LaTeX Info: Redefining \cdots on input line 620.
\Mathstrutbox@=\box51
\strutbox@=\box52
LaTeX Info: Redefining \big on input line 722.
LaTeX Info: Redefining \Big on input line 723.
LaTeX Info: Redefining \bigg on input line 724.
LaTeX Info: Redefining \Bigg on input line 725.
\big@size=\dimen144
LaTeX Font Info:    Redeclaring font encoding OML on input line 743.
LaTeX Font Info:    Redeclaring font encoding OMS on input line 744.
\macc@depth=\count274
LaTeX Info: Redefining \bmod on input line 905.
LaTeX Info: Redefining \pmod on input line 910.
LaTeX Info: Redefining \smash on input line 940.
LaTeX Info: Redefining \relbar on input line 970.
LaTeX Info: Redefining \Relbar on input line 971.
\c@MaxMatrixCols=\count275
\dotsspace@=\muskip16
\c@parentequation=\count276
\dspbrk@lvl=\count277
\tag@help=\toks18
\row@=\count278
\column@=\count279
\maxfields@=\count280
\andhelp@=\toks19
\eqnshift@=\dimen145
\alignsep@=\dimen146
\tagshift@=\dimen147
\tagwidth@=\dimen148
\totwidth@=\dimen149
\lineht@=\dimen150
\@envbody=\toks20
\multlinegap=\skip51
\multlinetaggap=\skip52
\mathdisplay@stack=\toks21
LaTeX Info: Redefining \[ on input line 2953.
LaTeX Info: Redefining \] on input line 2954.
)
(/usr/share/texmf-dist/tex/latex/amsfonts/amssymb.sty
Package: amssymb 2013/01/14 v3.01 AMS font symbols

(/usr/share/texmf-dist/tex/latex/amsfonts/amsfonts.sty
Package: amsfonts 2013/01/14 v3.01 Basic AMSFonts support
\symAMSa=\mathgroup4
\symAMSb=\mathgroup5
LaTeX Font Info:    Redeclaring math symbol \hbar on input line 98.
LaTeX Font Info:    Overwriting math alphabet `\mathfrak' in version `bold'
(Font)                  U/euf/m/n --> U/euf/b/n on input line 106.
))
(/usr/share/texmf-dist/tex/latex/base/inputenc.sty
Package: inputenc 2021/02/14 v1.3d Input encoding file
\inpenc@prehook=\toks22
\inpenc@posthook=\toks23
)
(/usr/share/texmf-dist/tex/latex/base/fontenc.sty
Package: fontenc 2021/04/29 v2.0v Standard LaTeX package
)
(/usr/share/texmf-dist/tex/latex/float/float.sty
Package: float 2001/11/08 v1.3d Float enhancements (AL)
\c@float@type=\count281
\float@exts=\toks24
\float@box=\box53
\@float@everytoks=\toks25
\@floatcapt=\box54
)
(/usr/share/texmf-dist/tex/latex/algorithm2e/algorithm2e.sty
Package: algorithm2e 2017/07/18 v5.2 algorithms environments
\c@AlgoLine=\count282

(/usr/share/texmf-dist/tex/latex/base/ifthen.sty
Package: ifthen 2022/04/13 v1.1d Standard LaTeX ifthen package (DPC)
)
\algocf@hangindent=\skip53

(/usr/share/texmf-dist/tex/latex/ifoddpage/ifoddpage.sty
Package: ifoddpage 2022/10/18 v1.2 Conditionals for odd/even page detection
\c@checkoddpage=\count283
)
(/usr/share/texmf-dist/tex/latex/tools/xspace.sty
Package: xspace 2014/10/28 v1.13 Space after command names (DPC,MH)
)
(/usr/share/texmf-dist/tex/latex/relsize/relsize.sty
Package: relsize 2013/03/29 ver 4.1
)
\skiptotal=\skip54
\skiplinenumber=\skip55
\skiprule=\skip56
\skiphlne=\skip57
\skiptext=\skip58
\skiplength=\skip59
\algomargin=\skip60
\skipalgocfslide=\skip61
\algowidth=\dimen151
\inoutsize=\dimen152
\inoutindent=\dimen153
\interspacetitleruled=\dimen154
\interspacealgoruled=\dimen155
\interspacetitleboxruled=\dimen156
\algocf@ruledwidth=\skip62
\algocf@inoutbox=\box55
\algocf@inputbox=\box56
\AlCapSkip=\skip63
\AlCapHSkip=\skip64
\algoskipindent=\skip65
\algocf@nlbox=\box57
\algocf@hangingbox=\box58
\algocf@untilbox=\box59
\algocf@skipuntil=\skip66
\algocf@capbox=\box60
\algocf@lcaptionbox=\skip67
\algoheightruledefault=\skip68
\algoheightrule=\skip69
\algotitleheightruledefault=\skip70
\algotitleheightrule=\skip71
\c@algocfline=\count284
\c@algocfproc=\count285
\c@algocf=\count286
\algocf@algoframe=\box61
\algocf@algobox=\box62
)
(/usr/share/texmf-dist/tex/latex/jknapltx/mathrsfs.sty
Package: mathrsfs 1996/01/01 Math RSFS package v1.0 (jk)
\symrsfs=\mathgroup6
)
(/usr/share/texmf-dist/tex/latex/graphics/graphicx.sty
Package: graphicx 2021/09/16 v1.2d Enhanced LaTeX Graphics (DPC,SPQR)

(/usr/share/texmf-dist/tex/latex/graphics/keyval.sty
Package: keyval 2022/05/29 v1.15 key=value parser (DPC)
\KV@toks@=\toks26
)
(/usr/share/texmf-dist/tex/latex/graphics/graphics.sty
Package: graphics 2022/03/10 v1.4e Standard LaTeX Graphics (DPC,SPQR)

(/usr/share/texmf-dist/tex/latex/graphics/trig.sty
Package: trig 2021/08/11 v1.11 sin cos tan (DPC)
)
(/usr/share/texmf-dist/tex/latex/graphics-cfg/graphics.cfg
File: graphics.cfg 2016/06/04 v1.11 sample graphics configuration
)
Package graphics Info: Driver file: pdftex.def on input line 107.

(/usr/share/texmf-dist/tex/latex/graphics-def/pdftex.def
File: pdftex.def 2022/09/22 v1.2b Graphics/color driver for pdftex
))
\Gin@req@height=\dimen157
\Gin@req@width=\dimen158
)
(/usr/share/texmf-dist/tex/latex/hyperref/hyperref.sty
Package: hyperref 2024-01-20 v7.01h Hypertext links for LaTeX

(/usr/share/texmf-dist/tex/generic/iftex/iftex.sty
Package: iftex 2022/02/03 v1.0f TeX engine tests
)
(/usr/share/texmf-dist/tex/latex/kvsetkeys/kvsetkeys.sty
Package: kvsetkeys 2022-10-05 v1.19 Key value parser (HO)
)
(/usr/share/texmf-dist/tex/generic/kvdefinekeys/kvdefinekeys.sty
Package: kvdefinekeys 2019-12-19 v1.6 Define keys (HO)
)
(/usr/share/texmf-dist/tex/generic/pdfescape/pdfescape.sty
Package: pdfescape 2019/12/09 v1.15 Implements pdfTeX's escape features (HO)

(/usr/share/texmf-dist/tex/generic/ltxcmds/ltxcmds.sty
Package: ltxcmds 2023-12-04 v1.26 LaTeX kernel commands for general use (HO)
)
(/usr/share/texmf-dist/tex/generic/pdftexcmds/pdftexcmds.sty
Package: pdftexcmds 2020-06-27 v0.33 Utility functions of pdfTeX for LuaTeX (HO
)

(/usr/share/texmf-dist/tex/generic/infwarerr/infwarerr.sty
Package: infwarerr 2019/12/03 v1.5 Providing info/warning/error messages (HO)
)
Package pdftexcmds Info: \pdf@primitive is available.
Package pdftexcmds Info: \pdf@ifprimitive is available.
Package pdftexcmds Info: \pdfdraftmode found.
))
(/usr/share/texmf-dist/tex/latex/hycolor/hycolor.sty
Package: hycolor 2020-01-27 v1.10 Color options for hyperref/bookmark (HO)
)
(/usr/share/texmf-dist/tex/latex/auxhook/auxhook.sty
Package: auxhook 2019-12-17 v1.6 Hooks for auxiliary files (HO)
)
(/usr/share/texmf-dist/tex/latex/hyperref/nameref.sty
Package: nameref 2023-11-26 v2.56 Cross-referencing by name of section

(/usr/share/texmf-dist/tex/latex/refcount/refcount.sty
Package: refcount 2019/12/15 v3.6 Data extraction from label references (HO)
)
(/usr/share/texmf-dist/tex/generic/gettitlestring/gettitlestring.sty
Package: gettitlestring 2019/12/15 v1.6 Cleanup title references (HO)

(/usr/share/texmf-dist/tex/latex/kvoptions/kvoptions.sty
Package: kvoptions 2022-06-15 v3.15 Key value format for package options (HO)
))
\c@section@level=\count287
)
\@linkdim=\dimen159
\Hy@linkcounter=\count288
\Hy@pagecounter=\count289

(/usr/share/texmf-dist/tex/latex/hyperref/pd1enc.def
File: pd1enc.def 2024-01-20 v7.01h Hyperref: PDFDocEncoding definition (HO)
Now handling font encoding PD1 ...
... no UTF-8 mapping file for font encoding PD1
)
(/usr/share/texmf-dist/tex/generic/intcalc/intcalc.sty
Package: intcalc 2019/12/15 v1.3 Expandable calculations with integers (HO)
)
\Hy@SavedSpaceFactor=\count290

(/usr/share/texmf-dist/tex/latex/hyperref/puenc.def
File: puenc.def 2024-01-20 v7.01h Hyperref: PDF Unicode definition (HO)
Now handling font encoding PU ...
... no UTF-8 mapping file for font encoding PU
)
Package hyperref Info: Option `colorlinks' set `true' on input line 4062.
Package hyperref Info: Option `pdfpagelabels' set `true' on input line 4062.
Package hyperref Info: Option `hyperindex' set `true' on input line 4062.
Package hyperref Info: Hyper figures OFF on input line 4179.
Package hyperref Info: Link nesting OFF on input line 4184.
Package hyperref Info: Hyper index ON on input line 4187.
Package hyperref Info: Plain pages OFF on input line 4194.
Package hyperref Info: Backreferencing OFF on input line 4199.
Package hyperref Info: Implicit mode ON; LaTeX internals redefined.
Package hyperref Info: Bookmarks ON on input line 4446.
\c@Hy@tempcnt=\count291

(/usr/share/texmf-dist/tex/latex/url/url.sty
\Urlmuskip=\muskip17
Package: url 2013/09/16  ver 3.4  Verb mode for urls, etc.
)
LaTeX Info: Redefining \url on input line 4784.
\XeTeXLinkMargin=\dimen160

(/usr/share/texmf-dist/tex/generic/bitset/bitset.sty
Package: bitset 2019/12/09 v1.3 Handle bit-vector datatype (HO)

(/usr/share/texmf-dist/tex/generic/bigintcalc/bigintcalc.sty
Package: bigintcalc 2019/12/15 v1.5 Expandable calculations on big integers (HO
)
))
\Fld@menulength=\count292
\Field@Width=\dimen161
\Fld@charsize=\dimen162
Package hyperref Info: Hyper figures OFF on input line 6063.
Package hyperref Info: Link nesting OFF on input line 6068.
Package hyperref Info: Hyper index ON on input line 6071.
Package hyperref Info: backreferencing OFF on input line 6078.
Package hyperref Info: Link coloring ON on input line 6081.
Package hyperref Info: Link coloring with OCG OFF on input line 6088.
Package hyperref Info: PDF/A mode OFF on input line 6093.

(/usr/share/texmf-dist/tex/latex/base/atbegshi-ltx.sty
Package: atbegshi-ltx 2021/01/10 v1.0c Emulation of the original atbegshi
package with kernel methods
)
\Hy@abspage=\count293
\c@Item=\count294
\c@Hfootnote=\count295
)
Package hyperref Info: Driver (autodetected): hpdftex.

(/usr/share/texmf-dist/tex/latex/hyperref/hpdftex.def
File: hpdftex.def 2024-01-20 v7.01h Hyperref driver for pdfTeX

(/usr/share/texmf-dist/tex/latex/base/atveryend-ltx.sty
Package: atveryend-ltx 2020/08/19 v1.0a Emulation of the original atveryend pac
kage
with kernel methods
)
\Fld@listcount=\count296
\c@bookmark@seq@number=\count297

(/usr/share/texmf-dist/tex/latex/rerunfilecheck/rerunfilecheck.sty
Package: rerunfilecheck 2022-07-10 v1.10 Rerun checks for auxiliary files (HO)

(/usr/share/texmf-dist/tex/generic/uniquecounter/uniquecounter.sty
Package: uniquecounter 2019/12/15 v1.4 Provide unlimited unique counter (HO)
)
Package uniquecounter Info: New unique counter `rerunfilecheck' on input line 2
85.
)
\Hy@SectionHShift=\skip72
)
\sideftwd=\dimen163
\local@box=\box63
\local@hbox=\box64
)
(/usr/share/texmf-dist/tex/latex/listings/listings.sty
\lst@mode=\count298
\lst@gtempboxa=\box65
\lst@token=\toks27
\lst@length=\count299
\lst@currlwidth=\dimen164
\lst@column=\count300
\lst@pos=\count301
\lst@lostspace=\dimen165
\lst@width=\dimen166
\lst@newlines=\count302
\lst@lineno=\count303
\lst@maxwidth=\dimen167

(/usr/share/texmf-dist/tex/latex/listings/lstpatch.sty
File: lstpatch.sty 2024/02/21 1.10 (Carsten Heinz)
)
(/usr/share/texmf-dist/tex/latex/listings/lstmisc.sty
File: lstmisc.sty 2024/02/21 1.10 (Carsten Heinz)
\c@lstnumber=\count304
\lst@skipnumbers=\count305
\lst@framebox=\box66
)
(/usr/share/texmf-dist/tex/latex/listings/listings.cfg
File: listings.cfg 2024/02/21 1.10 listings configuration
))
Package: listings 2024/02/21 1.10 (Carsten Heinz)

(/usr/share/texmf-dist/tex/latex/tools/verbatim.sty
Package: verbatim 2023-11-06 v1.5v LaTeX2e package for verbatim enhancements
\every@verbatim=\toks28
\verbatim@line=\toks29
\verbatim@in@stream=\read3
)
(/usr/share/texmf-dist/tex/latex/tools/indentfirst.sty
Package: indentfirst 2023/07/02 v1.03 Indent first paragraph (DPC)
)
(/usr/share/texmf-dist/tex/latex/subfigure/subfigure.sty
Package: subfigure 2002/03/15 v2.1.5 subfigure package
\subfigtopskip=\skip73
\subfigcapskip=\skip74
\subfigcaptopadj=\dimen168
\subfigbottomskip=\skip75
\subfigcapmargin=\dimen169
\subfiglabelskip=\skip76
\c@subfigure=\count306
\c@lofdepth=\count307
\c@subtable=\count308
\c@lotdepth=\count309

****************************************
* Local config file subfigure.cfg used *
****************************************
(/usr/share/texmf-dist/tex/latex/subfigure/subfigure.cfg)
\subfig@top=\skip77
\subfig@bottom=\skip78
)
(/usr/share/texmf-dist/tex/latex/algorithms/algorithmic.sty
Package: algorithmic 2009/08/24 v0.1 Document Style `algorithmic'
\c@ALC@unique=\count310
\c@ALC@line=\count311
\c@ALC@rem=\count312
\c@ALC@depth=\count313
\ALC@tlm=\skip79
\algorithmicindent=\skip80
)
(/usr/share/texmf-dist/tex/latex/framed/framed.sty
Package: framed 2011/10/22 v 0.96: framed or shaded text with page breaks
\OuterFrameSep=\skip81
\fb@frw=\dimen170
\fb@frh=\dimen171
\FrameRule=\dimen172
\FrameSep=\dimen173
)
(/usr/share/texmf-dist/tex/latex/graphics/rotating.sty
Package: rotating 2016/08/11 v2.16d rotated objects in LaTeX
\c@r@tfl@t=\count314
\rotFPtop=\skip82
\rotFPbot=\skip83
\rot@float@box=\box67
\rot@mess@toks=\toks30
)
(/usr/share/texmf-dist/tex/latex/cite/cite.sty
LaTeX Info: Redefining \cite on input line 302.
LaTeX Info: Redefining \nocite on input line 332.
Package: cite 2015/02/27  v 5.5
)
(/usr/share/texmf-dist/tex/latex/bbm-macros/bbm.sty
Package: bbm 1999/03/15 V 1.2 provides fonts for set symbols - TH
LaTeX Font Info:    Overwriting math alphabet `\mathbbm' in version `bold'
(Font)                  U/bbm/m/n --> U/bbm/bx/n on input line 33.
LaTeX Font Info:    Overwriting math alphabet `\mathbbmss' in version `bold'
(Font)                  U/bbmss/m/n --> U/bbmss/bx/n on input line 35.
)
(/usr/share/texmf-dist/tex/latex/colortbl/colortbl.sty
Package: colortbl 2024/02/20 v1.0g Color table columns (DPC)

(/usr/share/texmf-dist/tex/latex/tools/array.sty
Package: array 2023/10/16 v2.5g Tabular extension package (FMi)
\col@sep=\dimen174
\ar@mcellbox=\box68
\extrarowheight=\dimen175
\NC@list=\toks31
\extratabsurround=\skip84
\backup@length=\skip85
\ar@cellbox=\box69
)
(/usr/share/texmf-dist/tex/latex/graphics/color.sty
Package: color 2022/01/06 v1.3d Standard LaTeX Color (DPC)

(/usr/share/texmf-dist/tex/latex/graphics-cfg/color.cfg
File: color.cfg 2016/01/02 v1.6 sample color configuration
)
Package color Info: Driver file: pdftex.def on input line 149.

(/usr/share/texmf-dist/tex/latex/graphics/mathcolor.ltx))
\everycr=\toks32
\minrowclearance=\skip86
\rownum=\count315
)
\c@teorema=\count316
\c@definizione=\count317
Package hyperref Info: Option `plainpages' set `false' on input line 80.
Package hyperref Info: Option `breaklinks' set `true' on input line 80.
Package hyperref Info: Option `colorlinks' set `false' on input line 80.

(/usr/share/texmf-dist/tex/latex/l3backend/l3backend-pdftex.def
File: l3backend-pdftex.def 2024-02-20 L3 backend support: PDF output (pdfTeX)
\l__color_backend_stack_int=\count318
\l__pdf_internal_box=\box70
) (./thesis.aux
(./files/introduction.aux) (./files/chapter1.aux) (./files/chapter2.aux)
(./files/conclusions.aux))
\openout1 = `thesis.aux'.

LaTeX Font Info:    Checking defaults for OML/cmm/m/it on input line 82.
LaTeX Font Info:    ... okay on input line 82.
LaTeX Font Info:    Checking defaults for OMS/cmsy/m/n on input line 82.
LaTeX Font Info:    ... okay on input line 82.
LaTeX Font Info:    Checking defaults for OT1/cmr/m/n on input line 82.
LaTeX Font Info:    ... okay on input line 82.
LaTeX Font Info:    Checking defaults for T1/cmr/m/n on input line 82.
LaTeX Font Info:    ... okay on input line 82.
LaTeX Font Info:    Checking defaults for TS1/cmr/m/n on input line 82.
LaTeX Font Info:    ... okay on input line 82.
LaTeX Font Info:    Checking defaults for OMX/cmex/m/n on input line 82.
LaTeX Font Info:    ... okay on input line 82.
LaTeX Font Info:    Checking defaults for U/cmr/m/n on input line 82.
LaTeX Font Info:    ... okay on input line 82.
LaTeX Font Info:    Checking defaults for PD1/pdf/m/n on input line 82.
LaTeX Font Info:    ... okay on input line 82.
LaTeX Font Info:    Checking defaults for PU/pdf/m/n on input line 82.
LaTeX Font Info:    ... okay on input line 82.
LaTeX Info: Redefining \it@ocap on input line 82.
LaTeX Info: Redefining \it@ccap on input line 82.

(/usr/share/texmf-dist/tex/context/base/mkii/supp-pdf.mkii
[Loading MPS to PDF converter (version 2006.09.02).]
\scratchcounter=\count319
\scratchdimen=\dimen176
\scratchbox=\box71
\nofMPsegments=\count320
\nofMParguments=\count321
\everyMPshowfont=\toks33
\MPscratchCnt=\count322
\MPscratchDim=\dimen177
\MPnumerator=\count323
\makeMPintoPDFobject=\count324
\everyMPtoPDFconversion=\toks34
) (/usr/share/texmf-dist/tex/latex/epstopdf-pkg/epstopdf-base.sty
Package: epstopdf-base 2020-01-24 v2.11 Base part for package epstopdf
Package epstopdf-base Info: Redefining graphics rule for `.eps' on input line 4
85.

(/usr/share/texmf-dist/tex/latex/latexconfig/epstopdf-sys.cfg
File: epstopdf-sys.cfg 2010/07/13 v1.3 Configuration of (r)epstopdf for TeX Liv
e
))
Package hyperref Info: Link coloring OFF on input line 82.
 (./thesis.out)
(./thesis.out)
\@outlinefile=\write3
\openout3 = `thesis.out'.

\c@lstlisting=\count325
<./img/stemma.pdf, id=116, 1622.06pt x 1673.45195pt>
File: ./img/stemma.pdf Graphic file (type pdf)
<use ./img/stemma.pdf>
Package pdftex.def Info: ./img/stemma.pdf  used on input line 90.
(pdftex.def)             Requested size: 82.71654pt x 85.35826pt.

./thesis.tex:90: Undefined control sequence.
\maketitle ...elatore}\newline \fi {\@correlatori 
                                                  } \end {minipage}\hfil \vf...
l.90 \maketitle
                % crea il frontespizio (ricordati di copiare "stemma.eps" ne...
The control sequence at the end of the top line
of your error message was never \def'ed. If you have
misspelled it (e.g., `\hobx'), type `I' and the correct
spelling (e.g., `I\hbox'). Otherwise just continue,
and I'll forget about whatever was undefined.


Underfull \hbox (badness 10000) in paragraph at lines 90--90

 []

[1


{/var/lib/texmf/fonts/map/pdftex/updmap/pdftex.map}{/usr/share/texmf-dist/fonts
/enc/dvips/cm-super/cm-super-t1.enc} <./img/stemma.pdf>] (./thesis.toc
LaTeX Font Info:    Trying to load font information for U+msa on input line 5.

(/usr/share/texmf-dist/tex/latex/amsfonts/umsa.fd
File: umsa.fd 2013/01/14 v3.01 AMS symbols A
)
LaTeX Font Info:    Trying to load font information for U+msb on input line 5.

(/usr/share/texmf-dist/tex/latex/amsfonts/umsb.fd
File: umsb.fd 2013/01/14 v3.01 AMS symbols B
)
LaTeX Font Info:    Trying to load font information for U+rsfs on input line 5.


(/usr/share/texmf-dist/tex/latex/jknapltx/ursfs.fd
File: ursfs.fd 1998/03/24 rsfs font definition file (jk)
)
pdfTeX warning (ext4): destination with the same identifier (name{page.i}) has 
been already used, duplicate ignored
<to be read again> 
                   \relax 
l.21 ...\numberline {3}Conclusioni}{29}{chapter.3}
                                                  % [1

])
\tf@toc=\write4
\openout4 = `thesis.toc'.

 [2]
\openout2 = `files/introduction.aux'.


(./files/introduction.tex
pdfTeX warning (ext4): destination with the same identifier (name{page.i}) has 
been already used, duplicate ignored
<to be read again> 
                   \relax 
l.22 
      [1




])
pdfTeX warning (ext4): destination with the same identifier (name{page.ii}) has
 been already used, duplicate ignored
<to be read again> 
                   \relax 
l.110 \include{files/introduction}
                                   [2]
\openout2 = `files/chapter1.aux'.

 (./files/chapter1.tex
Capitolo 1.
[1





{/usr/share/texmf-dist/fonts/enc/dvips/cm-super/cm-super-ts1.enc}]
<../images/2_PrecisionRecallManifold_si.png, id=186, 642.90187pt x 184.43906pt>

File: ../images/2_PrecisionRecallManifold_si.png Graphic file (type png)
<use ../images/2_PrecisionRecallManifold_si.png>
Package pdftex.def Info: ../images/2_PrecisionRecallManifold_si.png  used on in
put line 23.
(pdftex.def)             Requested size: 390.0pt x 111.8885pt.
 [2 <../images/2_PrecisionRecallManifold_si.png (PNG copy)>]
./files/chapter1.tex:43: Missing $ inserted.
<inserted text> 
                $
l.43 ...le, identifichiamo con \boldsymbol{\Phi_R}
                                                   e \boldsymbol{\Phi_G} (te...
I've inserted a begin-math/end-math symbol since I think
you left one out. Proceed, with fingers crossed.

./files/chapter1.tex:43: Extra }, or forgotten $.
\math@atom #1#2->\binrel@ {#1}\binrel@@ {#2}
                                            
l.43 ...le, identifichiamo con \boldsymbol{\Phi_R}
                                                   e \boldsymbol{\Phi_G} (te...
I've deleted a group-closing symbol because it seems to be
spurious, as in `$x}$'. But perhaps the } is legitimate and
you forgot something else, as in `\hbox{$x}'. In such cases
the way to recover is to insert both the forgotten and the
deleted material, e.g., by typing `I$}'.

./files/chapter1.tex:43: Missing $ inserted.
<inserted text> 
                $
l.43 ...le, identifichiamo con \boldsymbol{\Phi_R}
                                                   e \boldsymbol{\Phi_G} (te...
I've inserted something that you may have forgotten.
(See the <inserted text> above.)
With luck, this will get me unwedged. But if you
really didn't forget anything, try typing `2' now; then
my insertion and my current dilemma will both disappear.

./files/chapter1.tex:43: Missing } inserted.
<inserted text> 
                }
l.43 ...le, identifichiamo con \boldsymbol{\Phi_R}
                                                   e \boldsymbol{\Phi_G} (te...
I've inserted something that you may have forgotten.
(See the <inserted text> above.)
With luck, this will get me unwedged. But if you
really didn't forget anything, try typing `2' now; then
my insertion and my current dilemma will both disappear.

./files/chapter1.tex:43: Missing $ inserted.
<inserted text> 
                $
l.43 ... \boldsymbol{\Phi_R} e \boldsymbol{\Phi_G}
                                                   (tendenzialmente con \bol...
I've inserted a begin-math/end-math symbol since I think
you left one out. Proceed, with fingers crossed.

./files/chapter1.tex:43: Extra }, or forgotten $.
\math@atom #1#2->\binrel@ {#1}\binrel@@ {#2}
                                            
l.43 ... \boldsymbol{\Phi_R} e \boldsymbol{\Phi_G}
                                                   (tendenzialmente con \bol...
I've deleted a group-closing symbol because it seems to be
spurious, as in `$x}$'. But perhaps the } is legitimate and
you forgot something else, as in `\hbox{$x}'. In such cases
the way to recover is to insert both the forgotten and the
deleted material, e.g., by typing `I$}'.

./files/chapter1.tex:43: Missing $ inserted.
<inserted text> 
                $
l.43 ... \boldsymbol{\Phi_R} e \boldsymbol{\Phi_G}
                                                   (tendenzialmente con \bol...
I've inserted something that you may have forgotten.
(See the <inserted text> above.)
With luck, this will get me unwedged. But if you
really didn't forget anything, try typing `2' now; then
my insertion and my current dilemma will both disappear.

./files/chapter1.tex:43: Missing } inserted.
<inserted text> 
                }
l.43 ... \boldsymbol{\Phi_R} e \boldsymbol{\Phi_G}
                                                   (tendenzialmente con \bol...
I've inserted something that you may have forgotten.
(See the <inserted text> above.)
With luck, this will get me unwedged. But if you
really didn't forget anything, try typing `2' now; then
my insertion and my current dilemma will both disappear.

./files/chapter1.tex:43: Missing $ inserted.
<inserted text> 
                $
l.43 ...} (tendenzialmente con \boldsymbol{\Phi_R}
                                                   = \boldsymbol{\Phi_G}) lo...
I've inserted a begin-math/end-math symbol since I think
you left one out. Proceed, with fingers crossed.

./files/chapter1.tex:43: Extra }, or forgotten $.
\math@atom #1#2->\binrel@ {#1}\binrel@@ {#2}
                                            
l.43 ...} (tendenzialmente con \boldsymbol{\Phi_R}
                                                   = \boldsymbol{\Phi_G}) lo...
I've deleted a group-closing symbol because it seems to be
spurious, as in `$x}$'. But perhaps the } is legitimate and
you forgot something else, as in `\hbox{$x}'. In such cases
the way to recover is to insert both the forgotten and the
deleted material, e.g., by typing `I$}'.

./files/chapter1.tex:43: Missing $ inserted.
<inserted text> 
                $
l.43 ...} (tendenzialmente con \boldsymbol{\Phi_R}
                                                   = \boldsymbol{\Phi_G}) lo...
I've inserted something that you may have forgotten.
(See the <inserted text> above.)
With luck, this will get me unwedged. But if you
really didn't forget anything, try typing `2' now; then
my insertion and my current dilemma will both disappear.

./files/chapter1.tex:43: Missing } inserted.
<inserted text> 
                }
l.43 ...} (tendenzialmente con \boldsymbol{\Phi_R}
                                                   = \boldsymbol{\Phi_G}) lo...
I've inserted something that you may have forgotten.
(See the <inserted text> above.)
With luck, this will get me unwedged. But if you
really didn't forget anything, try typing `2' now; then
my insertion and my current dilemma will both disappear.

./files/chapter1.tex:43: Missing $ inserted.
<inserted text> 
                $
l.43 ... \boldsymbol{\Phi_R} = \boldsymbol{\Phi_G}
                                                  ) lo spazio delle caratter...
I've inserted a begin-math/end-math symbol since I think
you left one out. Proceed, with fingers crossed.

./files/chapter1.tex:43: Extra }, or forgotten $.
\math@atom #1#2->\binrel@ {#1}\binrel@@ {#2}
                                            
l.43 ... \boldsymbol{\Phi_R} = \boldsymbol{\Phi_G}
                                                  ) lo spazio delle caratter...
I've deleted a group-closing symbol because it seems to be
spurious, as in `$x}$'. But perhaps the } is legitimate and
you forgot something else, as in `\hbox{$x}'. In such cases
the way to recover is to insert both the forgotten and the
deleted material, e.g., by typing `I$}'.

./files/chapter1.tex:43: Missing $ inserted.
<inserted text> 
                $
l.43 ... \boldsymbol{\Phi_R} = \boldsymbol{\Phi_G}
                                                  ) lo spazio delle caratter...
I've inserted something that you may have forgotten.
(See the <inserted text> above.)
With luck, this will get me unwedged. But if you
really didn't forget anything, try typing `2' now; then
my insertion and my current dilemma will both disappear.

./files/chapter1.tex:43: Missing } inserted.
<inserted text> 
                }
l.43 ... \boldsymbol{\Phi_R} = \boldsymbol{\Phi_G}
                                                  ) lo spazio delle caratter...
I've inserted something that you may have forgotten.
(See the <inserted text> above.)
With luck, this will get me unwedged. But if you
really didn't forget anything, try typing `2' now; then
my insertion and my current dilemma will both disappear.

LaTeX Font Info:    Trying to load font information for T1+cmtt on input line 4
8.
(/usr/share/texmf-dist/tex/latex/base/t1cmtt.fd
File: t1cmtt.fd 2023/04/13 v2.5m Standard LaTeX font definitions
) [3]
LaTeX Font Info:    Trying to load font information for U+bbm on input line 83.


(/usr/share/texmf-dist/tex/latex/bbm-macros/ubbm.fd
File: ubbm.fd 1999/03/15 V 1.2 Font definition for bbm font - TH
) [4]

./files/chapter1.tex:87: LaTeX Error: Unicode character ​ (U+200B)
               not set up for use with LaTeX.

See the LaTeX manual or LaTeX Companion for explanation.
Type  H <return>  for immediate help.
 ...                                              
                                                  
l.87 ...ta se ogni dato reale \(r \in \Phi_R \)​
                                                   è rappresentato da almen...

You may provide a definition with
\DeclareUnicodeCharacter 


./files/chapter1.tex:87: LaTeX Error: Unicode character ​ (U+200B)
               not set up for use with LaTeX.

See the LaTeX manual or LaTeX Companion for explanation.
Type  H <return>  for immediate help.
 ...                                              
                                                  
l.87 ...eno un punto generato \(g \in \Phi_G \)​
                                                  , costruendo il manifold i...

You may provide a definition with
\DeclareUnicodeCharacter 


Overfull \hbox (7.81181pt too wide) detected at line 97
[][][]\OML/cmm/m/it/12 f[]\OT1/cmr/m/n/12 (\OML/cmm/m/it/12 x; \OT1/cmr/m/n/12 
^^H[]\OML/cmm/m/it/12 ; \OT1/cmr/m/n/12 ^^H[]) = []
 []

<../images/prdc.png, id=225, 570.63188pt x 336.50719pt>
File: ../images/prdc.png Graphic file (type png)
<use ../images/prdc.png>
Package pdftex.def Info: ../images/prdc.png  used on input line 108.
(pdftex.def)             Requested size: 390.0pt x 229.98741pt.
[5] [6 <../images/prdc.png (PNG copy)>] [7] [8] [9] [10]) [11]
\openout2 = `files/chapter2.aux'.


(./files/chapter2.tex
Capitolo 2.
[12




] [13] [14] [15] [16] [17] [18]

./files/chapter2.tex:87: LaTeX Error: Unicode character ​ (U+200B)
               not set up for use with LaTeX.

See the LaTeX manual or LaTeX Companion for explanation.
Type  H <return>  for immediate help.
 ...                                              
                                                  
l.87 ... 1, variano lentamente fino a \(\pi/2\)​
                                                  , e infine aumentano rapid...

You may provide a definition with
\DeclareUnicodeCharacter 

[19] [20] [21] [22]

./files/chapter2.tex:133: LaTeX Error: Unicode character ​ (U+200B)
               not set up for use with LaTeX.

See the LaTeX manual or LaTeX Companion for explanation.
Type  H <return>  for immediate help.
 ...                                              
                                                  
l.133 ... misurata utilizzando la norma \(l_1\)​
                                                   (distanza di \textbf{Manh...

You may provide a definition with
\DeclareUnicodeCharacter 


./files/chapter2.tex:133: LaTeX Error: Unicode character ​ (U+200B)
               not set up for use with LaTeX.

See the LaTeX manual or LaTeX Companion for explanation.
Type  H <return>  for immediate help.
 ...                                              
                                                  
l.133 ...{cityblock}) anziché la norma \(l_2\)​
                                                   (distanza euclidea). La n...

You may provide a definition with
\DeclareUnicodeCharacter 


./files/chapter2.tex:133: LaTeX Error: Unicode character ​ (U+200B)
               not set up for use with LaTeX.

See the LaTeX manual or LaTeX Companion for explanation.
Type  H <return>  for immediate help.
 ...                                              
                                                  
l.133 ... (distanza euclidea). La norma \(l_1\)​
                                                   è risultata più adeguat...

You may provide a definition with
\DeclareUnicodeCharacter 


./files/chapter2.tex:135: LaTeX Error: Unicode character ​ (U+200B)
               not set up for use with LaTeX.

See the LaTeX manual or LaTeX Companion for explanation.
Type  H <return>  for immediate help.
 ...                                              
                                                  
l.135 ...catore \texttt{k}-NN, configurato con ​
                                                  \(k=\sqrt{n/2}\), dove \(n...

You may provide a definition with
\DeclareUnicodeCharacter 

[23]
<../images/piano_roll.png, id=360, 256.70906pt x 158.09062pt>
File: ../images/piano_roll.png Graphic file (type png)
<use ../images/piano_roll.png>
Package pdftex.def Info: ../images/piano_roll.png  used on input line 151.
(pdftex.def)             Requested size: 195.0pt x 120.0898pt.
 [24 <../images/piano_roll.png (PNG copy)>] [25] [26] [27]) [28]
\openout2 = `files/conclusions.aux'.


(./files/conclusions.tex
Capitolo 3.
<../images/toyexperiments/kdim/normal_iPrecision_iRecall.png, id=387, 896.8707p
t x 335.3328pt>
File: ../images/toyexperiments/kdim/normal_iPrecision_iRecall.png Graphic file 
(type png)
<use ../images/toyexperiments/kdim/normal_iPrecision_iRecall.png>
Package pdftex.def Info: ../images/toyexperiments/kdim/normal_iPrecision_iRecal
l.png  used on input line 13.
(pdftex.def)             Requested size: 312.00119pt x 116.657pt.
<../images/toyexperiments/kdim/normal_density_coverage.png, id=389, 896.8707pt 
x 335.3328pt>
File: ../images/toyexperiments/kdim/normal_density_coverage.png Graphic file (t
ype png)
<use ../images/toyexperiments/kdim/normal_density_coverage.png>
Package pdftex.def Info: ../images/toyexperiments/kdim/normal_density_coverage.
png  used on input line 19.
(pdftex.def)             Requested size: 312.00119pt x 116.657pt.
[29




 <../images/toyexperiments/kdim/normal_iPrecision_iRecall.png>] [30 <../images/
toyexperiments/kdim/normal_density_coverage.png>]
<../images/toyexperiments/kdim/normal_pPrecision_pRecall.png, id=404, 896.8707p
t x 335.3328pt>
File: ../images/toyexperiments/kdim/normal_pPrecision_pRecall.png Graphic file 
(type png)
<use ../images/toyexperiments/kdim/normal_pPrecision_pRecall.png>
Package pdftex.def Info: ../images/toyexperiments/kdim/normal_pPrecision_pRecal
l.png  used on input line 35.
(pdftex.def)             Requested size: 312.00119pt x 116.657pt.
<../images/toyexperiments/kdim/normal_precision_recall.png, id=405, 896.8707pt 
x 335.3328pt>
File: ../images/toyexperiments/kdim/normal_precision_recall.png Graphic file (t
ype png)
<use ../images/toyexperiments/kdim/normal_precision_recall.png>
Package pdftex.def Info: ../images/toyexperiments/kdim/normal_precision_recall.
png  used on input line 36.
(pdftex.def)             Requested size: 312.00119pt x 116.657pt.
 [31 <../images/toyexperiments/kdim/normal_pPrecision_pRecall.png> <../images/t
oyexperiments/kdim/normal_precision_recall.png>]
<../images/toyexperiments/kdim/uniform_iPrecision_iRecall.png, id=413, 896.8707
pt x 335.3328pt>
File: ../images/toyexperiments/kdim/uniform_iPrecision_iRecall.png Graphic file
 (type png)
<use ../images/toyexperiments/kdim/uniform_iPrecision_iRecall.png>
Package pdftex.def Info: ../images/toyexperiments/kdim/uniform_iPrecision_iReca
ll.png  used on input line 48.
(pdftex.def)             Requested size: 195.0pt x 72.9087pt.
<../images/toyexperiments/kdim/uniform_density_coverage.png, id=414, 896.8707pt
 x 335.3328pt>
File: ../images/toyexperiments/kdim/uniform_density_coverage.png Graphic file (
type png)
<use ../images/toyexperiments/kdim/uniform_density_coverage.png>
Package pdftex.def Info: ../images/toyexperiments/kdim/uniform_density_coverage
.png  used on input line 49.
(pdftex.def)             Requested size: 195.0pt x 72.9087pt.
<../images/toyexperiments/kdim/uniform_pPrecision_pRecall.png, id=415, 896.8707
pt x 335.3328pt>
File: ../images/toyexperiments/kdim/uniform_pPrecision_pRecall.png Graphic file
 (type png)
<use ../images/toyexperiments/kdim/uniform_pPrecision_pRecall.png>
Package pdftex.def Info: ../images/toyexperiments/kdim/uniform_pPrecision_pReca
ll.png  used on input line 50.
(pdftex.def)             Requested size: 195.0pt x 72.9087pt.
<../images/toyexperiments/kdim/uniform_precision_recall.png, id=416, 896.8707pt
 x 335.3328pt>
File: ../images/toyexperiments/kdim/uniform_precision_recall.png Graphic file (
type png)
<use ../images/toyexperiments/kdim/uniform_precision_recall.png>
Package pdftex.def Info: ../images/toyexperiments/kdim/uniform_precision_recall
.png  used on input line 51.
(pdftex.def)             Requested size: 195.0pt x 72.9087pt.

Overfull \hbox (2.61049pt too wide) in paragraph at lines 48--52
[][] []
 []


Overfull \hbox (2.61049pt too wide) in paragraph at lines 48--52
[] [] 
 []

<../images/toyexperiments/ksampledim/sampleDimN_iPrecision_iRecall.png, id=417,
 867.24pt x 433.62pt>
File: ../images/toyexperiments/ksampledim/sampleDimN_iPrecision_iRecall.png Gra
phic file (type png)
<use ../images/toyexperiments/ksampledim/sampleDimN_iPrecision_iRecall.png>
Package pdftex.def Info: ../images/toyexperiments/ksampledim/sampleDimN_iPrecis
ion_iRecall.png  used on input line 64.
(pdftex.def)             Requested size: 195.0pt x 97.49413pt.
<../images/toyexperiments/ksampledim/sampleDimN_density_coverage.png, id=418, 8
67.24pt x 433.62pt>
File: ../images/toyexperiments/ksampledim/sampleDimN_density_coverage.png Graph
ic file (type png)
<use ../images/toyexperiments/ksampledim/sampleDimN_density_coverage.png>
Package pdftex.def Info: ../images/toyexperiments/ksampledim/sampleDimN_density
_coverage.png  used on input line 65.
(pdftex.def)             Requested size: 195.0pt x 97.49413pt.
<../images/toyexperiments/ksampledim/sampleDimN_pPrecision_pRecall.png, id=419,
 867.24pt x 433.62pt>
File: ../images/toyexperiments/ksampledim/sampleDimN_pPrecision_pRecall.png Gra
phic file (type png)
<use ../images/toyexperiments/ksampledim/sampleDimN_pPrecision_pRecall.png>
Package pdftex.def Info: ../images/toyexperiments/ksampledim/sampleDimN_pPrecis
ion_pRecall.png  used on input line 66.
(pdftex.def)             Requested size: 195.0pt x 97.49413pt.
<../images/toyexperiments/ksampledim/sampleDimN_precision_recall.png, id=420, 8
67.24pt x 433.62pt>
File: ../images/toyexperiments/ksampledim/sampleDimN_precision_recall.png Graph
ic file (type png)
<use ../images/toyexperiments/ksampledim/sampleDimN_precision_recall.png>
Package pdftex.def Info: ../images/toyexperiments/ksampledim/sampleDimN_precisi
on_recall.png  used on input line 67.
(pdftex.def)             Requested size: 195.0pt x 97.49413pt.

Overfull \hbox (2.61049pt too wide) in paragraph at lines 64--68
[][] []
 []


Overfull \hbox (2.61049pt too wide) in paragraph at lines 64--68
[] [] 
 []

[32 <../images/toyexperiments/kdim/uniform_iPrecision_iRecall.png> <../images/t
oyexperiments/kdim/uniform_density_coverage.png> <../images/toyexperiments/kdim
/uniform_pPrecision_pRecall.png> <../images/toyexperiments/kdim/uniform_precisi
on_recall.png>] [33 <../images/toyexperiments/ksampledim/sampleDimN_iPrecision_
iRecall.png> <../images/toyexperiments/ksampledim/sampleDimN_density_coverage.p
ng> <../images/toyexperiments/ksampledim/sampleDimN_pPrecision_pRecall.png> <..
/images/toyexperiments/ksampledim/sampleDimN_precision_recall.png>]
<../images/toyexperiments/outliers/shift_iPrecision_iRecall.png, id=442, 867.24
pt x 433.62pt>
File: ../images/toyexperiments/outliers/shift_iPrecision_iRecall.png Graphic fi
le (type png)
<use ../images/toyexperiments/outliers/shift_iPrecision_iRecall.png>
Package pdftex.def Info: ../images/toyexperiments/outliers/shift_iPrecision_iRe
call.png  used on input line 92.
(pdftex.def)             Requested size: 312.00119pt x 156.00383pt.
 [34]
<../images/toyexperiments/outliers/shift_density_coverage.png, id=449, 867.24pt
 x 433.62pt>
File: ../images/toyexperiments/outliers/shift_density_coverage.png Graphic file
 (type png)
<use ../images/toyexperiments/outliers/shift_density_coverage.png>
Package pdftex.def Info: ../images/toyexperiments/outliers/shift_density_covera
ge.png  used on input line 106.
(pdftex.def)             Requested size: 312.00119pt x 156.00383pt.

[35 <../images/toyexperiments/outliers/shift_iPrecision_iRecall.png> <../images
/toyexperiments/outliers/shift_density_coverage.png>]
<../images/toyexperiments/outliers/shift_pPrecision_pRecall.png, id=460, 867.24
pt x 433.62pt>
File: ../images/toyexperiments/outliers/shift_pPrecision_pRecall.png Graphic fi
le (type png)
<use ../images/toyexperiments/outliers/shift_pPrecision_pRecall.png>
Package pdftex.def Info: ../images/toyexperiments/outliers/shift_pPrecision_pRe
call.png  used on input line 118.
(pdftex.def)             Requested size: 312.00119pt x 156.00383pt.
<../images/toyexperiments/outliers/shift_precision_recall.png, id=461, 867.24pt
 x 433.62pt>
File: ../images/toyexperiments/outliers/shift_precision_recall.png Graphic file
 (type png)
<use ../images/toyexperiments/outliers/shift_precision_recall.png>
Package pdftex.def Info: ../images/toyexperiments/outliers/shift_precision_reca
ll.png  used on input line 119.
(pdftex.def)             Requested size: 312.00119pt x 156.00383pt.
 [36 <../images/toyexperiments/outliers/shift_pPrecision_pRecall.png> <../image
s/toyexperiments/outliers/shift_precision_recall.png>] [37]
<../images/toyexperiments/prcurves/PRCurve_k4_s1.png, id=478, 505.89pt x 505.89
pt>
File: ../images/toyexperiments/prcurves/PRCurve_k4_s1.png Graphic file (type pn
g)
<use ../images/toyexperiments/prcurves/PRCurve_k4_s1.png>
Package pdftex.def Info: ../images/toyexperiments/prcurves/PRCurve_k4_s1.png  u
sed on input line 144.
(pdftex.def)             Requested size: 195.0pt x 195.00368pt.
<../images/toyexperiments/prcurves/PRCurve_k4_s3.png, id=479, 505.89pt x 505.89
pt>
File: ../images/toyexperiments/prcurves/PRCurve_k4_s3.png Graphic file (type pn
g)
<use ../images/toyexperiments/prcurves/PRCurve_k4_s3.png>
Package pdftex.def Info: ../images/toyexperiments/prcurves/PRCurve_k4_s3.png  u
sed on input line 145.
(pdftex.def)             Requested size: 195.0pt x 195.00368pt.
<../images/toyexperiments/prcurves/PRCurve_ksqrt_s1.png, id=480, 505.89pt x 505
.89pt>
File: ../images/toyexperiments/prcurves/PRCurve_ksqrt_s1.png Graphic file (type
 png)
<use ../images/toyexperiments/prcurves/PRCurve_ksqrt_s1.png>
Package pdftex.def Info: ../images/toyexperiments/prcurves/PRCurve_ksqrt_s1.png
  used on input line 146.
(pdftex.def)             Requested size: 195.0pt x 195.00368pt.
<../images/toyexperiments/prcurves/PRCurve_ksqrt_s3.png, id=481, 505.89pt x 505
.89pt>
File: ../images/toyexperiments/prcurves/PRCurve_ksqrt_s3.png Graphic file (type
 png)
<use ../images/toyexperiments/prcurves/PRCurve_ksqrt_s3.png>
Package pdftex.def Info: ../images/toyexperiments/prcurves/PRCurve_ksqrt_s3.png
  used on input line 147.
(pdftex.def)             Requested size: 195.0pt x 195.00368pt.

Overfull \hbox (2.61049pt too wide) in paragraph at lines 144--148
[][] []
 []


Overfull \hbox (2.61049pt too wide) in paragraph at lines 144--148
[] [] 
 []

<../images/toyexperiments/prcurves/PRCurve_nosplit_k4_s1.png, id=482, 505.89pt 
x 505.89pt>
File: ../images/toyexperiments/prcurves/PRCurve_nosplit_k4_s1.png Graphic file 
(type png)
<use ../images/toyexperiments/prcurves/PRCurve_nosplit_k4_s1.png>
Package pdftex.def Info: ../images/toyexperiments/prcurves/PRCurve_nosplit_k4_s
1.png  used on input line 155.
(pdftex.def)             Requested size: 195.0pt x 195.00368pt.
<../images/toyexperiments/prcurves/PRCurve_nosplit_k4_s3.png, id=483, 505.89pt 
x 505.89pt>
File: ../images/toyexperiments/prcurves/PRCurve_nosplit_k4_s3.png Graphic file 
(type png)
<use ../images/toyexperiments/prcurves/PRCurve_nosplit_k4_s3.png>
Package pdftex.def Info: ../images/toyexperiments/prcurves/PRCurve_nosplit_k4_s
3.png  used on input line 156.
(pdftex.def)             Requested size: 195.0pt x 195.00368pt.
<../images/toyexperiments/prcurves/PRCurve_nosplit_ksqrt_s1.png, id=484, 505.89
pt x 505.89pt>
File: ../images/toyexperiments/prcurves/PRCurve_nosplit_ksqrt_s1.png Graphic fi
le (type png)
<use ../images/toyexperiments/prcurves/PRCurve_nosplit_ksqrt_s1.png>
Package pdftex.def Info: ../images/toyexperiments/prcurves/PRCurve_nosplit_ksqr
t_s1.png  used on input line 157.
(pdftex.def)             Requested size: 195.0pt x 195.00368pt.
<../images/toyexperiments/prcurves/PRCurve_nosplit_ksqrt_s3.png, id=485, 505.89
pt x 505.89pt>
File: ../images/toyexperiments/prcurves/PRCurve_nosplit_ksqrt_s3.png Graphic fi
le (type png)
<use ../images/toyexperiments/prcurves/PRCurve_nosplit_ksqrt_s3.png>
Package pdftex.def Info: ../images/toyexperiments/prcurves/PRCurve_nosplit_ksqr
t_s3.png  used on input line 158.
(pdftex.def)             Requested size: 195.0pt x 195.00368pt.

Overfull \hbox (2.61049pt too wide) in paragraph at lines 155--159
[][] []
 []


Overfull \hbox (2.61049pt too wide) in paragraph at lines 155--159
[] [] 
 []

[38 <../images/toyexperiments/prcurves/PRCurve_k4_s1.png> <../images/toyexperim
ents/prcurves/PRCurve_k4_s3.png> <../images/toyexperiments/prcurves/PRCurve_ksq
rt_s1.png> <../images/toyexperiments/prcurves/PRCurve_ksqrt_s3.png>] [39 <../im
ages/toyexperiments/prcurves/PRCurve_nosplit_k4_s1.png> <../images/toyexperimen
ts/prcurves/PRCurve_nosplit_k4_s3.png> <../images/toyexperiments/prcurves/PRCur
ve_nosplit_ksqrt_s1.png> <../images/toyexperiments/prcurves/PRCurve_nosplit_ksq
rt_s3.png>]
<../images/realworldexperiments/butterflies/kde/kde_grayscale_histogram.png, id
=505, 505.89pt x 505.89pt>
File: ../images/realworldexperiments/butterflies/kde/kde_grayscale_histogram.pn
g Graphic file (type png)
<use ../images/realworldexperiments/butterflies/kde/kde_grayscale_histogram.png
>
Package pdftex.def Info: ../images/realworldexperiments/butterflies/kde/kde_gra
yscale_histogram.png  used on input line 175.
(pdftex.def)             Requested size: 117.00119pt x 117.00066pt.
<../images/realworldexperiments/butterflies/kde/kde_hsv_histogram.png, id=506, 
505.89pt x 505.89pt>
File: ../images/realworldexperiments/butterflies/kde/kde_hsv_histogram.png Grap
hic file (type png)
<use ../images/realworldexperiments/butterflies/kde/kde_hsv_histogram.png>
Package pdftex.def Info: ../images/realworldexperiments/butterflies/kde/kde_hsv
_histogram.png  used on input line 176.
(pdftex.def)             Requested size: 117.00119pt x 117.00066pt.
<../images/realworldexperiments/butterflies/kde/kde_hue_histogram.png, id=507, 
505.89pt x 505.89pt>
File: ../images/realworldexperiments/butterflies/kde/kde_hue_histogram.png Grap
hic file (type png)
<use ../images/realworldexperiments/butterflies/kde/kde_hue_histogram.png>
Package pdftex.def Info: ../images/realworldexperiments/butterflies/kde/kde_hue
_histogram.png  used on input line 177.
(pdftex.def)             Requested size: 117.00119pt x 117.00066pt.
<../images/realworldexperiments/butterflies/kde/kde_rgb_histogram.png, id=508, 
505.89pt x 505.89pt>
File: ../images/realworldexperiments/butterflies/kde/kde_rgb_histogram.png Grap
hic file (type png)
<use ../images/realworldexperiments/butterflies/kde/kde_rgb_histogram.png>
Package pdftex.def Info: ../images/realworldexperiments/butterflies/kde/kde_rgb
_histogram.png  used on input line 181.
(pdftex.def)             Requested size: 117.00119pt x 117.00066pt.
<../images/realworldexperiments/butterflies/kde/kde_saturation_histogram.png, i
d=509, 505.89pt x 505.89pt>
File: ../images/realworldexperiments/butterflies/kde/kde_saturation_histogram.p
ng Graphic file (type png)
<use ../images/realworldexperiments/butterflies/kde/kde_saturation_histogram.pn
g>
Package pdftex.def Info: ../images/realworldexperiments/butterflies/kde/kde_sat
uration_histogram.png  used on input line 182.
(pdftex.def)             Requested size: 117.00119pt x 117.00066pt.
<../images/realworldexperiments/butterflies/kde/kde_value_histogram.png, id=510
, 505.89pt x 505.89pt>
File: ../images/realworldexperiments/butterflies/kde/kde_value_histogram.png Gr
aphic file (type png)
<use ../images/realworldexperiments/butterflies/kde/kde_value_histogram.png>
Package pdftex.def Info: ../images/realworldexperiments/butterflies/kde/kde_val
ue_histogram.png  used on input line 183.
(pdftex.def)             Requested size: 117.00119pt x 117.00066pt.
 [40 <../images/realworldexperiments/butterflies/kde/kde_grayscale_histogram.pn
g> <../images/realworldexperiments/butterflies/kde/kde_hsv_histogram.png> <../i
mages/realworldexperiments/butterflies/kde/kde_hue_histogram.png> <../images/re
alworldexperiments/butterflies/kde/kde_rgb_histogram.png> <../images/realworlde
xperiments/butterflies/kde/kde_saturation_histogram.png> <../images/realworldex
periments/butterflies/kde/kde_value_histogram.png>]
<../images/realworldexperiments/butterflies/examples/fp_grayscale_histogram.png
, id=523, 1806.75pt x 1445.4pt>
File: ../images/realworldexperiments/butterflies/examples/fp_grayscale_histogra
m.png Graphic file (type png)
<use ../images/realworldexperiments/butterflies/examples/fp_grayscale_histogram
.png>
Package pdftex.def Info: ../images/realworldexperiments/butterflies/examples/fp
_grayscale_histogram.png  used on input line 195.
(pdftex.def)             Requested size: 175.49881pt x 140.38007pt.
<../images/realworldexperiments/butterflies/examples/fp_hsv_histogram.png, id=5
24, 1806.75pt x 1445.4pt>
File: ../images/realworldexperiments/butterflies/examples/fp_hsv_histogram.png 
Graphic file (type png)
<use ../images/realworldexperiments/butterflies/examples/fp_hsv_histogram.png>
Package pdftex.def Info: ../images/realworldexperiments/butterflies/examples/fp
_hsv_histogram.png  used on input line 196.
(pdftex.def)             Requested size: 175.49881pt x 140.38007pt.
<../images/realworldexperiments/butterflies/examples/fp_hue_histogram.png, id=5
25, 1806.75pt x 1445.4pt>
File: ../images/realworldexperiments/butterflies/examples/fp_hue_histogram.png 
Graphic file (type png)
<use ../images/realworldexperiments/butterflies/examples/fp_hue_histogram.png>
Package pdftex.def Info: ../images/realworldexperiments/butterflies/examples/fp
_hue_histogram.png  used on input line 197.
(pdftex.def)             Requested size: 175.49881pt x 140.38007pt.
<../images/realworldexperiments/butterflies/examples/fp_rgb_histogram.png, id=5
26, 1806.75pt x 1445.4pt>
File: ../images/realworldexperiments/butterflies/examples/fp_rgb_histogram.png 
Graphic file (type png)
<use ../images/realworldexperiments/butterflies/examples/fp_rgb_histogram.png>
Package pdftex.def Info: ../images/realworldexperiments/butterflies/examples/fp
_rgb_histogram.png  used on input line 198.
(pdftex.def)             Requested size: 175.49881pt x 140.38007pt.
<../images/realworldexperiments/butterflies/examples/fp_saturation_histogram.pn
g, id=527, 1806.75pt x 1445.4pt>
File: ../images/realworldexperiments/butterflies/examples/fp_saturation_histogr
am.png Graphic file (type png)
<use ../images/realworldexperiments/butterflies/examples/fp_saturation_histogra
m.png>
Package pdftex.def Info: ../images/realworldexperiments/butterflies/examples/fp
_saturation_histogram.png  used on input line 199.
(pdftex.def)             Requested size: 175.49881pt x 140.38007pt.
<../images/realworldexperiments/butterflies/examples/fp_value_histogram.png, id
=528, 1806.75pt x 1445.4pt>
File: ../images/realworldexperiments/butterflies/examples/fp_value_histogram.pn
g Graphic file (type png)
<use ../images/realworldexperiments/butterflies/examples/fp_value_histogram.png
>
Package pdftex.def Info: ../images/realworldexperiments/butterflies/examples/fp
_value_histogram.png  used on input line 200.
(pdftex.def)             Requested size: 175.49881pt x 140.38007pt.
 [41] [42 <../images/realworldexperiments/butterflies/examples/fp_grayscale_his
togram.png> <../images/realworldexperiments/butterflies/examples/fp_hsv_histogr
am.png> <../images/realworldexperiments/butterflies/examples/fp_hue_histogram.p
ng> <../images/realworldexperiments/butterflies/examples/fp_rgb_histogram.png> 
<../images/realworldexperiments/butterflies/examples/fp_saturation_histogram.pn
g> <../images/realworldexperiments/butterflies/examples/fp_value_histogram.png>
] [43]
<../images/realworldexperiments/scarlatti/realdata/TrainVsTest_avgIOI.png, id=5
52, 505.89pt x 505.89pt>
File: ../images/realworldexperiments/scarlatti/realdata/TrainVsTest_avgIOI.png 
Graphic file (type png)
<use ../images/realworldexperiments/scarlatti/realdata/TrainVsTest_avgIOI.png>
Package pdftex.def Info: ../images/realworldexperiments/scarlatti/realdata/Trai
nVsTest_avgIOI.png  used on input line 245.
(pdftex.def)             Requested size: 117.00119pt x 117.00066pt.
<../images/realworldexperiments/scarlatti/realdata/TrainVsTest_avgPitchShift.pn
g, id=553, 505.89pt x 505.89pt>
File: ../images/realworldexperiments/scarlatti/realdata/TrainVsTest_avgPitchShi
ft.png Graphic file (type png)
<use ../images/realworldexperiments/scarlatti/realdata/TrainVsTest_avgPitchShif
t.png>
Package pdftex.def Info: ../images/realworldexperiments/scarlatti/realdata/Trai
nVsTest_avgPitchShift.png  used on input line 246.
(pdftex.def)             Requested size: 117.00119pt x 117.00066pt.
<../images/realworldexperiments/scarlatti/realdata/TrainVsTest_nNotesPerMeasure
.png, id=554, 505.89pt x 505.89pt>
File: ../images/realworldexperiments/scarlatti/realdata/TrainVsTest_nNotesPerMe
asure.png Graphic file (type png)
<use ../images/realworldexperiments/scarlatti/realdata/TrainVsTest_nNotesPerMea
sure.png>
Package pdftex.def Info: ../images/realworldexperiments/scarlatti/realdata/Trai
nVsTest_nNotesPerMeasure.png  used on input line 247.
(pdftex.def)             Requested size: 117.00119pt x 117.00066pt.
<../images/realworldexperiments/scarlatti/realdata/TrainVsTest_noteLengthHist.p
ng, id=555, 505.89pt x 505.89pt>
File: ../images/realworldexperiments/scarlatti/realdata/TrainVsTest_noteLengthH
ist.png Graphic file (type png)
<use ../images/realworldexperiments/scarlatti/realdata/TrainVsTest_noteLengthHi
st.png>
Package pdftex.def Info: ../images/realworldexperiments/scarlatti/realdata/Trai
nVsTest_noteLengthHist.png  used on input line 248.
(pdftex.def)             Requested size: 117.00119pt x 117.00066pt.
<../images/realworldexperiments/scarlatti/realdata/TrainVsTest_noteLengthTransM
atrix.png, id=556, 505.89pt x 505.89pt>
File: ../images/realworldexperiments/scarlatti/realdata/TrainVsTest_noteLengthT
ransMatrix.png Graphic file (type png)
<use ../images/realworldexperiments/scarlatti/realdata/TrainVsTest_noteLengthTr
ansMatrix.png>
Package pdftex.def Info: ../images/realworldexperiments/scarlatti/realdata/Trai
nVsTest_noteLengthTransMatrix.png  used on input line 249.
(pdftex.def)             Requested size: 117.00119pt x 117.00066pt.
<../images/realworldexperiments/scarlatti/realdata/TrainVsTest_nPitchesPerMeasu
re.png, id=557, 505.89pt x 505.89pt>
File: ../images/realworldexperiments/scarlatti/realdata/TrainVsTest_nPitchesPer
Measure.png Graphic file (type png)
<use ../images/realworldexperiments/scarlatti/realdata/TrainVsTest_nPitchesPerM
easure.png>
Package pdftex.def Info: ../images/realworldexperiments/scarlatti/realdata/Trai
nVsTest_nPitchesPerMeasure.png  used on input line 250.
(pdftex.def)             Requested size: 117.00119pt x 117.00066pt.
<../images/realworldexperiments/scarlatti/realdata/TrainVsTest_pitchClassHist.p
ng, id=558, 505.89pt x 505.89pt>
File: ../images/realworldexperiments/scarlatti/realdata/TrainVsTest_pitchClassH
ist.png Graphic file (type png)
<use ../images/realworldexperiments/scarlatti/realdata/TrainVsTest_pitchClassHi
st.png>
Package pdftex.def Info: ../images/realworldexperiments/scarlatti/realdata/Trai
nVsTest_pitchClassHist.png  used on input line 251.
(pdftex.def)             Requested size: 117.00119pt x 117.00066pt.
<../images/realworldexperiments/scarlatti/realdata/TrainVsTest_pitchClassHistPe
rMeasure.png, id=559, 505.89pt x 505.89pt>
File: ../images/realworldexperiments/scarlatti/realdata/TrainVsTest_pitchClassH
istPerMeasure.png Graphic file (type png)
<use ../images/realworldexperiments/scarlatti/realdata/TrainVsTest_pitchClassHi
stPerMeasure.png>
Package pdftex.def Info: ../images/realworldexperiments/scarlatti/realdata/Trai
nVsTest_pitchClassHistPerMeasure.png  used on input line 252.
(pdftex.def)             Requested size: 117.00119pt x 117.00066pt.
<../images/realworldexperiments/scarlatti/realdata/TrainVsTest_pitchClassTransM
atrix.png, id=560, 505.89pt x 505.89pt>
File: ../images/realworldexperiments/scarlatti/realdata/TrainVsTest_pitchClassT
ransMatrix.png Graphic file (type png)
<use ../images/realworldexperiments/scarlatti/realdata/TrainVsTest_pitchClassTr
ansMatrix.png>
Package pdftex.def Info: ../images/realworldexperiments/scarlatti/realdata/Trai
nVsTest_pitchClassTransMatrix.png  used on input line 253.
(pdftex.def)             Requested size: 117.00119pt x 117.00066pt.
<../images/realworldexperiments/scarlatti/realdata/TrainVsTest_pitchRange.png, 
id=561, 505.89pt x 505.89pt>
File: ../images/realworldexperiments/scarlatti/realdata/TrainVsTest_pitchRange.
png Graphic file (type png)
<use ../images/realworldexperiments/scarlatti/realdata/TrainVsTest_pitchRange.p
ng>
Package pdftex.def Info: ../images/realworldexperiments/scarlatti/realdata/Trai
nVsTest_pitchRange.png  used on input line 254.
(pdftex.def)             Requested size: 117.00119pt x 117.00066pt.
<../images/realworldexperiments/scarlatti/violinplots/TrainVsFake_avgIOI.png, i
d=563, 1084.05pt x 578.16pt>
File: ../images/realworldexperiments/scarlatti/violinplots/TrainVsFake_avgIOI.p
ng Graphic file (type png)
<use ../images/realworldexperiments/scarlatti/violinplots/TrainVsFake_avgIOI.pn
g>
Package pdftex.def Info: ../images/realworldexperiments/scarlatti/violinplots/T
rainVsFake_avgIOI.png  used on input line 265.
(pdftex.def)             Requested size: 234.00238pt x 124.796pt.
<../images/realworldexperiments/scarlatti/prcurves/PRCurveScarlatti_avgIOI.png,
 id=564, 505.89pt x 505.89pt>
File: ../images/realworldexperiments/scarlatti/prcurves/PRCurveScarlatti_avgIOI
.png Graphic file (type png)
<use ../images/realworldexperiments/scarlatti/prcurves/PRCurveScarlatti_avgIOI.
png>
Package pdftex.def Info: ../images/realworldexperiments/scarlatti/prcurves/PRCu
rveScarlatti_avgIOI.png  used on input line 266.
(pdftex.def)             Requested size: 117.00119pt x 117.00066pt.
<../images/realworldexperiments/scarlatti/violinplots/TrainVsFake_avgPitchShift
.png, id=565, 1084.05pt x 578.16pt>
File: ../images/realworldexperiments/scarlatti/violinplots/TrainVsFake_avgPitch
Shift.png Graphic file (type png)
<use ../images/realworldexperiments/scarlatti/violinplots/TrainVsFake_avgPitchS
hift.png>
Package pdftex.def Info: ../images/realworldexperiments/scarlatti/violinplots/T
rainVsFake_avgPitchShift.png  used on input line 270.
(pdftex.def)             Requested size: 234.00238pt x 124.796pt.
<../images/realworldexperiments/scarlatti/prcurves/PRCurveScarlatti_avgPitchShi
ft.png, id=566, 505.89pt x 505.89pt>
File: ../images/realworldexperiments/scarlatti/prcurves/PRCurveScarlatti_avgPit
chShift.png Graphic file (type png)
<use ../images/realworldexperiments/scarlatti/prcurves/PRCurveScarlatti_avgPitc
hShift.png>
Package pdftex.def Info: ../images/realworldexperiments/scarlatti/prcurves/PRCu
rveScarlatti_avgPitchShift.png  used on input line 271.
(pdftex.def)             Requested size: 117.00119pt x 117.00066pt.
<../images/realworldexperiments/scarlatti/violinplots/TrainVsFake_nNotesPerMeas
ure.png, id=567, 1084.05pt x 578.16pt>
File: ../images/realworldexperiments/scarlatti/violinplots/TrainVsFake_nNotesPe
rMeasure.png Graphic file (type png)
<use ../images/realworldexperiments/scarlatti/violinplots/TrainVsFake_nNotesPer
Measure.png>
Package pdftex.def Info: ../images/realworldexperiments/scarlatti/violinplots/T
rainVsFake_nNotesPerMeasure.png  used on input line 275.
(pdftex.def)             Requested size: 234.00238pt x 124.796pt.
<../images/realworldexperiments/scarlatti/prcurves/PRCurveScarlatti_nNotesPerMe
asure.png, id=568, 505.89pt x 505.89pt>
File: ../images/realworldexperiments/scarlatti/prcurves/PRCurveScarlatti_nNotes
PerMeasure.png Graphic file (type png)
<use ../images/realworldexperiments/scarlatti/prcurves/PRCurveScarlatti_nNotesP
erMeasure.png>
Package pdftex.def Info: ../images/realworldexperiments/scarlatti/prcurves/PRCu
rveScarlatti_nNotesPerMeasure.png  used on input line 276.
(pdftex.def)             Requested size: 117.00119pt x 117.00066pt.
<../images/realworldexperiments/scarlatti/violinplots/TrainVsFake_noteLengthHis
t.png, id=569, 1084.05pt x 578.16pt>
File: ../images/realworldexperiments/scarlatti/violinplots/TrainVsFake_noteLeng
thHist.png Graphic file (type png)
<use ../images/realworldexperiments/scarlatti/violinplots/TrainVsFake_noteLengt
hHist.png>
Package pdftex.def Info: ../images/realworldexperiments/scarlatti/violinplots/T
rainVsFake_noteLengthHist.png  used on input line 280.
(pdftex.def)             Requested size: 234.00238pt x 124.796pt.
<../images/realworldexperiments/scarlatti/prcurves/PRCurveScarlatti_noteLengthH
ist.png, id=570, 505.89pt x 505.89pt>
File: ../images/realworldexperiments/scarlatti/prcurves/PRCurveScarlatti_noteLe
ngthHist.png Graphic file (type png)
<use ../images/realworldexperiments/scarlatti/prcurves/PRCurveScarlatti_noteLen
gthHist.png>
Package pdftex.def Info: ../images/realworldexperiments/scarlatti/prcurves/PRCu
rveScarlatti_noteLengthHist.png  used on input line 281.
(pdftex.def)             Requested size: 117.00119pt x 117.00066pt.
<../images/realworldexperiments/scarlatti/violinplots/TrainVsFake_noteLengthTra
nsMatrix.png, id=571, 1084.05pt x 578.16pt>
File: ../images/realworldexperiments/scarlatti/violinplots/TrainVsFake_noteLeng
thTransMatrix.png Graphic file (type png)
<use ../images/realworldexperiments/scarlatti/violinplots/TrainVsFake_noteLengt
hTransMatrix.png>
Package pdftex.def Info: ../images/realworldexperiments/scarlatti/violinplots/T
rainVsFake_noteLengthTransMatrix.png  used on input line 285.
(pdftex.def)             Requested size: 234.00238pt x 124.796pt.
<../images/realworldexperiments/scarlatti/prcurves/PRCurveScarlatti_noteLengthT
ransMatrix.png, id=572, 505.89pt x 505.89pt>
File: ../images/realworldexperiments/scarlatti/prcurves/PRCurveScarlatti_noteLe
ngthTransMatrix.png Graphic file (type png)
<use ../images/realworldexperiments/scarlatti/prcurves/PRCurveScarlatti_noteLen
gthTransMatrix.png>
Package pdftex.def Info: ../images/realworldexperiments/scarlatti/prcurves/PRCu
rveScarlatti_noteLengthTransMatrix.png  used on input line 286.
(pdftex.def)             Requested size: 117.00119pt x 117.00066pt.
<../images/realworldexperiments/scarlatti/violinplots/TrainVsFake_nPitchesPerMe
asure.png, id=573, 1084.05pt x 578.16pt>
File: ../images/realworldexperiments/scarlatti/violinplots/TrainVsFake_nPitches
PerMeasure.png Graphic file (type png)
<use ../images/realworldexperiments/scarlatti/violinplots/TrainVsFake_nPitchesP
erMeasure.png>
Package pdftex.def Info: ../images/realworldexperiments/scarlatti/violinplots/T
rainVsFake_nPitchesPerMeasure.png  used on input line 290.
(pdftex.def)             Requested size: 234.00238pt x 124.796pt.
<../images/realworldexperiments/scarlatti/prcurves/PRCurveScarlatti_nPitchesPer
Measure.png, id=574, 505.89pt x 505.89pt>
File: ../images/realworldexperiments/scarlatti/prcurves/PRCurveScarlatti_nPitch
esPerMeasure.png Graphic file (type png)
<use ../images/realworldexperiments/scarlatti/prcurves/PRCurveScarlatti_nPitche
sPerMeasure.png>
Package pdftex.def Info: ../images/realworldexperiments/scarlatti/prcurves/PRCu
rveScarlatti_nPitchesPerMeasure.png  used on input line 291.
(pdftex.def)             Requested size: 117.00119pt x 117.00066pt.
<../images/realworldexperiments/scarlatti/violinplots/TrainVsFake_pitchClassHis
t.png, id=575, 1084.05pt x 578.16pt>
File: ../images/realworldexperiments/scarlatti/violinplots/TrainVsFake_pitchCla
ssHist.png Graphic file (type png)
<use ../images/realworldexperiments/scarlatti/violinplots/TrainVsFake_pitchClas
sHist.png>
Package pdftex.def Info: ../images/realworldexperiments/scarlatti/violinplots/T
rainVsFake_pitchClassHist.png  used on input line 295.
(pdftex.def)             Requested size: 234.00238pt x 124.796pt.
<../images/realworldexperiments/scarlatti/prcurves/PRCurveScarlatti_pitchClassH
ist.png, id=576, 505.89pt x 505.89pt>
File: ../images/realworldexperiments/scarlatti/prcurves/PRCurveScarlatti_pitchC
lassHist.png Graphic file (type png)
<use ../images/realworldexperiments/scarlatti/prcurves/PRCurveScarlatti_pitchCl
assHist.png>
Package pdftex.def Info: ../images/realworldexperiments/scarlatti/prcurves/PRCu
rveScarlatti_pitchClassHist.png  used on input line 296.
(pdftex.def)             Requested size: 117.00119pt x 117.00066pt.
<../images/realworldexperiments/scarlatti/violinplots/TrainVsFake_pitchClassHis
tPerMeasure.png, id=577, 1084.05pt x 578.16pt>
File: ../images/realworldexperiments/scarlatti/violinplots/TrainVsFake_pitchCla
ssHistPerMeasure.png Graphic file (type png)
<use ../images/realworldexperiments/scarlatti/violinplots/TrainVsFake_pitchClas
sHistPerMeasure.png>
Package pdftex.def Info: ../images/realworldexperiments/scarlatti/violinplots/T
rainVsFake_pitchClassHistPerMeasure.png  used on input line 300.
(pdftex.def)             Requested size: 234.00238pt x 124.796pt.
<../images/realworldexperiments/scarlatti/prcurves/PRCurveScarlatti_pitchClassH
istPerMeasure.png, id=578, 505.89pt x 505.89pt>
File: ../images/realworldexperiments/scarlatti/prcurves/PRCurveScarlatti_pitchC
lassHistPerMeasure.png Graphic file (type png)
<use ../images/realworldexperiments/scarlatti/prcurves/PRCurveScarlatti_pitchCl
assHistPerMeasure.png>
Package pdftex.def Info: ../images/realworldexperiments/scarlatti/prcurves/PRCu
rveScarlatti_pitchClassHistPerMeasure.png  used on input line 301.
(pdftex.def)             Requested size: 117.00119pt x 117.00066pt.
<../images/realworldexperiments/scarlatti/violinplots/TrainVsFake_pitchClassTra
nsMatrix.png, id=579, 1084.05pt x 578.16pt>
File: ../images/realworldexperiments/scarlatti/violinplots/TrainVsFake_pitchCla
ssTransMatrix.png Graphic file (type png)
<use ../images/realworldexperiments/scarlatti/violinplots/TrainVsFake_pitchClas
sTransMatrix.png>
Package pdftex.def Info: ../images/realworldexperiments/scarlatti/violinplots/T
rainVsFake_pitchClassTransMatrix.png  used on input line 305.
(pdftex.def)             Requested size: 234.00238pt x 124.796pt.
<../images/realworldexperiments/scarlatti/prcurves/PRCurveScarlatti_pitchClassT
ransMatrix.png, id=580, 505.89pt x 505.89pt>
File: ../images/realworldexperiments/scarlatti/prcurves/PRCurveScarlatti_pitchC
lassTransMatrix.png Graphic file (type png)
<use ../images/realworldexperiments/scarlatti/prcurves/PRCurveScarlatti_pitchCl
assTransMatrix.png>
Package pdftex.def Info: ../images/realworldexperiments/scarlatti/prcurves/PRCu
rveScarlatti_pitchClassTransMatrix.png  used on input line 306.
(pdftex.def)             Requested size: 117.00119pt x 117.00066pt.
<../images/realworldexperiments/scarlatti/violinplots/TrainVsFake_pitchRange.pn
g, id=581, 1084.05pt x 578.16pt>
File: ../images/realworldexperiments/scarlatti/violinplots/TrainVsFake_pitchRan
ge.png Graphic file (type png)
<use ../images/realworldexperiments/scarlatti/violinplots/TrainVsFake_pitchRang
e.png>
Package pdftex.def Info: ../images/realworldexperiments/scarlatti/violinplots/T
rainVsFake_pitchRange.png  used on input line 311.
(pdftex.def)             Requested size: 234.00238pt x 124.796pt.
<../images/realworldexperiments/scarlatti/prcurves/PRCurveScarlatti_pitchRange.
png, id=582, 505.89pt x 505.89pt>
File: ../images/realworldexperiments/scarlatti/prcurves/PRCurveScarlatti_pitchR
ange.png Graphic file (type png)
<use ../images/realworldexperiments/scarlatti/prcurves/PRCurveScarlatti_pitchRa
nge.png>
Package pdftex.def Info: ../images/realworldexperiments/scarlatti/prcurves/PRCu
rveScarlatti_pitchRange.png  used on input line 312.
(pdftex.def)             Requested size: 117.00119pt x 117.00066pt.
 [44]

LaTeX Warning: Text page 45 contains only floats.

[45 <../images/realworldexperiments/scarlatti/realdata/TrainVSTest_avgIOI.png> 
<../images/realworldexperiments/scarlatti/realdata/TrainVSTest_avgPitchShift.pn
g> <../images/realworldexperiments/scarlatti/realdata/TrainVSTest_nNotesPerMeas
ure.png> <../images/realworldexperiments/scarlatti/realdata/TrainVSTest_noteLen
gthHist.png> <../images/realworldexperiments/scarlatti/realdata/TrainVSTest_not
eLengthTransMatrix.png> <../images/realworldexperiments/scarlatti/realdata/Trai
nVSTest_nPitchesPerMeasure.png> <../images/realworldexperiments/scarlatti/reald
ata/TrainVSTest_pitchClassHist.png> <../images/realworldexperiments/scarlatti/r
ealdata/TrainVSTest_pitchClassHistPerMeasure.png> <../images/realworldexperimen
ts/scarlatti/realdata/TrainVSTest_pitchClassTransMatrix.png> <../images/realwor
ldexperiments/scarlatti/realdata/TrainVSTest_pitchRange.png>]

LaTeX Warning: `!h' float specifier changed to `!ht'.


LaTeX Warning: `!h' float specifier changed to `!ht'.


LaTeX Warning: `!h' float specifier changed to `!ht'.


LaTeX Warning: `!h' float specifier changed to `!ht'.


LaTeX Warning: `!h' float specifier changed to `!ht'.

[46 <../images/realworldexperiments/scarlatti/violinplots/TrainVSFake_avgIOI.pn
g> <../images/realworldexperiments/scarlatti/prcurves/PRCurveScarlatti_avgIOI.p
ng> <../images/realworldexperiments/scarlatti/violinplots/TrainVSFake_avgPitchS
hift.png> <../images/realworldexperiments/scarlatti/prcurves/PRCurveScarlatti_a
vgPitchShift.png> <../images/realworldexperiments/scarlatti/violinplots/TrainVS
Fake_nNotesPerMeasure.png> <../images/realworldexperiments/scarlatti/prcurves/P
RCurveScarlatti_nNotesPerMeasure.png> <../images/realworldexperiments/scarlatti
/violinplots/TrainVSFake_noteLengthHist.png> <../images/realworldexperiments/sc
arlatti/prcurves/PRCurveScarlatti_noteLengthHist.png>] [47 <../images/realworld
experiments/scarlatti/violinplots/TrainVSFake_noteLengthTransMatrix.png> <../im
ages/realworldexperiments/scarlatti/prcurves/PRCurveScarlatti_noteLengthTransMa
trix.png> <../images/realworldexperiments/scarlatti/violinplots/TrainVSFake_nPi
tchesPerMeasure.png> <../images/realworldexperiments/scarlatti/prcurves/PRCurve
Scarlatti_nPitchesPerMeasure.png> <../images/realworldexperiments/scarlatti/vio
linplots/TrainVSFake_pitchClassHist.png> <../images/realworldexperiments/scarla
tti/prcurves/PRCurveScarlatti_pitchClassHist.png> <../images/realworldexperimen
ts/scarlatti/violinplots/TrainVSFake_pitchClassHistPerMeasure.png> <../images/r
ealworldexperiments/scarlatti/prcurves/PRCurveScarlatti_pitchClassHistPerMeasur
e.png>]

LaTeX Warning: Text page 48 contains only floats.

[48 <../images/realworldexperiments/scarlatti/violinplots/TrainVSFake_pitchClas
sTransMatrix.png> <../images/realworldexperiments/scarlatti/prcurves/PRCurveSca
rlatti_pitchClassTransMatrix.png> <../images/realworldexperiments/scarlatti/vio
linplots/TrainVSFake_pitchRange.png> <../images/realworldexperiments/scarlatti/
prcurves/PRCurveScarlatti_pitchRange.png>] [49] [50]) [51] (./thesis.bbl
[52



]) [53] (./thesis.aux (./files/introduction.aux) (./files/chapter1.aux)
(./files/chapter2.aux) (./files/conclusions.aux))
 ***********
LaTeX2e <2023-11-01> patch level 1
L3 programming layer <2024-02-20>
 ***********
Package rerunfilecheck Info: File `thesis.out' has not changed.
(rerunfilecheck)             Checksum: E46F4A59BB8A0CED288F32DB1409E854;5242.
 )
(\end occurred when \ifx on line 2 was incomplete) 
Here is how much of TeX's memory you used:
 15244 strings out of 474116
 265082 string characters out of 5750249
 1966187 words of memory out of 5000000
 37188 multiletter control sequences out of 15000+600000
 579039 words of font info for 87 fonts, out of 8000000 for 9000
 1141 hyphenation exceptions out of 8191
 90i,10n,93p,1015b,641s stack positions out of 10000i,1000n,20000p,200000b,200000s
 </home/roccotescaro/.texlive
/texmf-var/fonts/pk/ljfour/public/bbm/bbm12.600pk></usr/share/texmf-dist/fonts/
type1/public/amsfonts/cm/cmbx12.pfb></usr/share/texmf-dist/fonts/type1/public/a
msfonts/cm/cmex10.pfb></usr/share/texmf-dist/fonts/type1/public/amsfonts/cm/cmm
i12.pfb></usr/share/texmf-dist/fonts/type1/public/amsfonts/cm/cmmi6.pfb></usr/s
hare/texmf-dist/fonts/type1/public/amsfonts/cm/cmmi8.pfb></usr/share/texmf-dist
/fonts/type1/public/amsfonts/cmextra/cmmib8.pfb></usr/share/texmf-dist/fonts/ty
pe1/public/amsfonts/cm/cmr12.pfb></usr/share/texmf-dist/fonts/type1/public/amsf
onts/cm/cmr6.pfb></usr/share/texmf-dist/fonts/type1/public/amsfonts/cm/cmr8.pfb
></usr/share/texmf-dist/fonts/type1/public/amsfonts/cm/cmsy10.pfb></usr/share/t
exmf-dist/fonts/type1/public/amsfonts/cm/cmsy6.pfb></usr/share/texmf-dist/fonts
/type1/public/amsfonts/cm/cmsy8.pfb></usr/share/texmf-dist/fonts/type1/public/a
msfonts/symbols/msbm10.pfb></usr/share/texmf-dist/fonts/type1/public/cm-super/s
fbx1200.pfb></usr/share/texmf-dist/fonts/type1/public/cm-super/sfbx1440.pfb></u
sr/share/texmf-dist/fonts/type1/public/cm-super/sfbx1728.pfb></usr/share/texmf-
dist/fonts/type1/public/cm-super/sfbx2488.pfb></usr/share/texmf-dist/fonts/type
1/public/cm-super/sfcc1200.pfb></usr/share/texmf-dist/fonts/type1/public/cm-sup
er/sfcc1728.pfb></usr/share/texmf-dist/fonts/type1/public/cm-super/sfrm0800.pfb
></usr/share/texmf-dist/fonts/type1/public/cm-super/sfrm1095.pfb></usr/share/te
xmf-dist/fonts/type1/public/cm-super/sfrm1200.pfb></usr/share/texmf-dist/fonts/
type1/public/cm-super/sfsl1200.pfb></usr/share/texmf-dist/fonts/type1/public/cm
-super/sfti1200.pfb></usr/share/texmf-dist/fonts/type1/public/cm-super/sftt1200
.pfb></usr/share/texmf-dist/fonts/type1/public/cm-super/sfxc1728.pfb>
Output written on thesis.pdf (58 pages, 9996271 bytes).
PDF statistics:
 809 PDF objects out of 1000 (max. 8388607)
 546 compressed objects within 6 object streams
 135 named destinations out of 1000 (max. 500000)
 575 words of extra memory for PDF output out of 10000 (max. 10000000)

